<?xml version="1.0" encoding="UTF-8"?>
<!-- Generated by org.testng.reporters.JUnitXMLReporter -->
<testsuite hostname="Laptop-Ashwin123" ignored="1" name="Login - Mutual Fund" tests="2" failures="0" timestamp="2022-07-16T12:36:32 IST" time="15.955" errors="0">
  <testcase name="loginAdmin" time="6.674" classname="com.itview.testng.AltoroMutualFund"/>
  <testcase name="loginTestUser" time="4.706" classname="com.itview.testng.AltoroMutualFund"/>
  <testcase name="loginJsmith" time="0.0" classname="com.itview.testng.AltoroMutualFund">
    <ignored/>
  </testcase> <!-- loginJsmith -->
</testsuite> <!-- Login - Mutual Fund -->
