<?xml version="1.0" encoding="UTF-8"?>
<!-- Generated by org.testng.reporters.JUnitXMLReporter -->
<testsuite hostname="Laptop-Ashwin123" ignored="0" name="Default test" tests="3" failures="0" timestamp="2022-07-31T12:52:13 IST" time="15.412" errors="0">
  <testcase name="fixedDeposit_Test" time="4.53" classname="com.itview.testcases.DataDriven_DataProvider"/>
  <testcase name="fixedDeposit_Test" time="3.562" classname="com.itview.testcases.DataDriven_DataProvider"/>
  <testcase name="fixedDeposit_Test" time="3.705" classname="com.itview.testcases.DataDriven_DataProvider"/>
</testsuite> <!-- Default test -->
